Using pre-set license
Built from '2022.3/staging' branch; Version is '2022.3.22f1 (887be4894c44) revision 8944612'; Using compiler version '192829333'; Build Type 'Release'
OS: 'Windows 11  (10.0.22631) 64bit Education' Language: 'ko' Physical Memory: 16183 MB
BatchMode: 1, IsHumanControllingUs: 0, StartBugReporterOnCrash: 0, Is64bit: 1, IsPro: 1

COMMAND LINE ARGUMENTS:
C:\Program Files\Unity\Hub\Editor\2022.3.22f1\Editor\Unity.exe
-adb2
-batchMode
-noUpm
-name
AssetImportWorker0
-projectPath
C:/Users/lolip/week2-Tilemap
-logFile
Logs/AssetImportWorker0.log
-srvPort
50818
Successfully changed project path to: C:/Users/lolip/week2-Tilemap
C:/Users/lolip/week2-Tilemap
[UnityMemory] Configuration Parameters - Can be set up in boot.config
    "memorysetup-bucket-allocator-granularity=16"
    "memorysetup-bucket-allocator-bucket-count=8"
    "memorysetup-bucket-allocator-block-size=33554432"
    "memorysetup-bucket-allocator-block-count=8"
    "memorysetup-main-allocator-block-size=16777216"
    "memorysetup-thread-allocator-block-size=16777216"
    "memorysetup-gfx-main-allocator-block-size=16777216"
    "memorysetup-gfx-thread-allocator-block-size=16777216"
    "memorysetup-cache-allocator-block-size=4194304"
    "memorysetup-typetree-allocator-block-size=2097152"
    "memorysetup-profiler-bucket-allocator-granularity=16"
    "memorysetup-profiler-bucket-allocator-bucket-count=8"
    "memorysetup-profiler-bucket-allocator-block-size=33554432"
    "memorysetup-profiler-bucket-allocator-block-count=8"
    "memorysetup-profiler-allocator-block-size=16777216"
    "memorysetup-profiler-editor-allocator-block-size=1048576"
    "memorysetup-temp-allocator-size-main=16777216"
    "memorysetup-job-temp-allocator-block-size=2097152"
    "memorysetup-job-temp-allocator-block-size-background=1048576"
    "memorysetup-job-temp-allocator-reduction-small-platforms=262144"
    "memorysetup-allocator-temp-initial-block-size-main=262144"
    "memorysetup-allocator-temp-initial-block-size-worker=262144"
    "memorysetup-temp-allocator-size-background-worker=32768"
    "memorysetup-temp-allocator-size-job-worker=262144"
    "memorysetup-temp-allocator-size-preload-manager=33554432"
    "memorysetup-temp-allocator-size-nav-mesh-worker=65536"
    "memorysetup-temp-allocator-size-audio-worker=65536"
    "memorysetup-temp-allocator-size-cloud-worker=32768"
    "memorysetup-temp-allocator-size-gi-baking-worker=262144"
    "memorysetup-temp-allocator-size-gfx=262144"
Player connection [2716] Host "[IP] 192.168.0.9 [Port] 0 [Flags] 2 [Guid] 231009007 [EditorId] 231009007 [Version] 1048832 [Id] WindowsEditor(7,DESKTOP-FT17B4K) [Debug] 1 [PackageName] WindowsEditor [ProjectName] Editor" joined multi-casting on [225.0.0.222:54997]...

Player connection [2716] Host "[IP] 192.168.0.9 [Port] 0 [Flags] 2 [Guid] 231009007 [EditorId] 231009007 [Version] 1048832 [Id] WindowsEditor(7,DESKTOP-FT17B4K) [Debug] 1 [PackageName] WindowsEditor [ProjectName] Editor" joined alternative multi-casting on [225.0.0.222:34997]...

[Physics::Module] Initialized MultithreadedJobDispatcher with 7 workers.
Refreshing native plugins compatible for Editor in 38.81 ms, found 4 plugins.
Preloading 0 native plugins for Editor in 0.00 ms.
Initialize engine version: 2022.3.22f1 (887be4894c44)
[Subsystems] Discovering subsystems at path C:/Program Files/Unity/Hub/Editor/2022.3.22f1/Editor/Data/Resources/UnitySubsystems
[Subsystems] Discovering subsystems at path C:/Users/lolip/week2-Tilemap/Assets
GfxDevice: creating device client; threaded=0; jobified=0
Direct3D:
    Version:  Direct3D 11.0 [level 11.1]
    Renderer: Intel(R) Iris(R) Xe Graphics (ID=0x9a49)
    Vendor:   Intel
    VRAM:     8091 MB
    Driver:   30.0.100.9836
Initialize mono
Mono path[0] = 'C:/Program Files/Unity/Hub/Editor/2022.3.22f1/Editor/Data/Managed'
Mono path[1] = 'C:/Program Files/Unity/Hub/Editor/2022.3.22f1/Editor/Data/MonoBleedingEdge/lib/mono/unityjit-win32'
Mono config path = 'C:/Program Files/Unity/Hub/Editor/2022.3.22f1/Editor/Data/MonoBleedingEdge/etc'
Using monoOptions --debugger-agent=transport=dt_socket,embedding=1,server=y,suspend=n,address=127.0.0.1:56140
Begin MonoManager ReloadAssembly
Registering precompiled unity dll's ...
Register platform support module: C:/Program Files/Unity/Hub/Editor/2022.3.22f1/Editor/Data/PlaybackEngines/AndroidPlayer/UnityEditor.Android.Extensions.dll
Register platform support module: C:/Program Files/Unity/Hub/Editor/2022.3.22f1/Editor/Data/PlaybackEngines/WindowsStandaloneSupport/UnityEditor.WindowsStandalone.Extensions.dll
Registered in 0.022817 seconds.
- Loaded All Assemblies, in  0.735 seconds
Native extension for WindowsStandalone target not found
Native extension for Android target not found
Android Extension - Scanning For ADB Devices 2397 ms
Mono: successfully reloaded assembly
- Finished resetting the current domain, in  2.840 seconds
Domain Reload Profiling: 3567ms
	BeginReloadAssembly (260ms)
		ExecutionOrderSort (0ms)
		DisableScriptedObjects (0ms)
		BackupInstance (0ms)
		ReleaseScriptingObjects (0ms)
		CreateAndSetChildDomain (1ms)
	RebuildCommonClasses (61ms)
	RebuildNativeTypeToScriptingClass (15ms)
	initialDomainReloadingComplete (120ms)
	LoadAllAssembliesAndSetupDomain (270ms)
		LoadAssemblies (259ms)
		RebuildTransferFunctionScriptingTraits (0ms)
		AnalyzeDomain (263ms)
			TypeCache.Refresh (261ms)
				TypeCache.ScanAssembly (236ms)
			ScanForSourceGeneratedMonoScriptInfo (1ms)
			ResolveRequiredComponents (1ms)
	FinalizeReload (2840ms)
		ReleaseScriptCaches (0ms)
		RebuildScriptCaches (0ms)
		SetupLoadedEditorAssemblies (2761ms)
			LogAssemblyErrors (0ms)
			InitializePlatformSupportModulesInManaged (2555ms)
			SetLoadedEditorAssemblies (4ms)
			RefreshPlugins (0ms)
			BeforeProcessingInitializeOnLoad (2ms)
			ProcessInitializeOnLoadAttributes (139ms)
			ProcessInitializeOnLoadMethodAttributes (60ms)
			AfterProcessingInitializeOnLoad (0ms)
			EditorAssembliesLoaded (0ms)
		ExecutionOrderSort2 (0ms)
		AwakeInstancesAfterBackupRestoration (0ms)
========================================================================
Worker process is ready to serve import requests
Begin MonoManager ReloadAssembly
- Loaded All Assemblies, in  0.946 seconds
Refreshing native plugins compatible for Editor in 12.35 ms, found 4 plugins.
Native extension for WindowsStandalone target not found
Native extension for Android target not found
Package Manager log level set to [2]
[Package Manager] Server::EnsureServerProcessIsRunning -- launch failed, reason: Unity was launched with the -noUpm command-line argument
[Package Manager] UpmClient::Send -- Unable to send message (not connected to UPM process).
[Package Manager] Cannot connect to Unity Package Manager local server
Mono: successfully reloaded assembly
- Finished resetting the current domain, in  0.749 seconds
Domain Reload Profiling: 1689ms
	BeginReloadAssembly (225ms)
		ExecutionOrderSort (0ms)
		DisableScriptedObjects (5ms)
		BackupInstance (0ms)
		ReleaseScriptingObjects (0ms)
		CreateAndSetChildDomain (22ms)
	RebuildCommonClasses (44ms)
	RebuildNativeTypeToScriptingClass (12ms)
	initialDomainReloadingComplete (67ms)
	LoadAllAssembliesAndSetupDomain (591ms)
		LoadAssemblies (525ms)
		RebuildTransferFunctionScriptingTraits (0ms)
		AnalyzeDomain (227ms)
			TypeCache.Refresh (192ms)
				TypeCache.ScanAssembly (169ms)
			ScanForSourceGeneratedMonoScriptInfo (25ms)
			ResolveRequiredComponents (9ms)
	FinalizeReload (750ms)
		ReleaseScriptCaches (0ms)
		RebuildScriptCaches (0ms)
		SetupLoadedEditorAssemblies (563ms)
			LogAssemblyErrors (0ms)
			InitializePlatformSupportModulesInManaged (40ms)
			SetLoadedEditorAssemblies (4ms)
			RefreshPlugins (0ms)
			BeforeProcessingInitializeOnLoad (93ms)
			ProcessInitializeOnLoadAttributes (375ms)
			ProcessInitializeOnLoadMethodAttributes (33ms)
			AfterProcessingInitializeOnLoad (17ms)
			EditorAssembliesLoaded (0ms)
		ExecutionOrderSort2 (0ms)
		AwakeInstancesAfterBackupRestoration (14ms)
Launched and connected shader compiler UnityShaderCompiler.exe after 0.07 seconds
Refreshing native plugins compatible for Editor in 17.35 ms, found 4 plugins.
Preloading 0 native plugins for Editor in 0.00 ms.
Unloading 4034 Unused Serialized files (Serialized files now loaded: 0)
Unloading 70 unused Assets / (244.4 KB). Loaded Objects now: 4492.
Memory consumption went from 148.6 MB to 148.3 MB.
Total: 3.926100 ms (FindLiveObjects: 0.278000 ms CreateObjectMapping: 0.135900 ms MarkObjects: 3.303800 ms  DeleteObjects: 0.207200 ms)

AssetImportParameters requested are different than current active one (requested -> active):
  custom:container-demuxer-ogg: 62fdf1f143b41e24485cea50d1cbac27 -> 
  custom:video-decoder-ogg-theora: a1e56fd34408186e4bbccfd4996cb3dc -> 
  custom:framework-win-MediaFoundation: 216162199b28c13a410421893ffa2e32 -> 
  custom:CustomObjectIndexerAttribute: 9a22284fe3817be447336de3de66b15e -> 
  custom:container-demuxer-webm: 4f35f7cbe854078d1ac9338744f61a02 -> 
  custom:container-muxer-webm: aa71ff27fc2769a1b78a27578f13a17b -> 
  custom:video-decoder-webm-vp8: 9c59270c3fd7afecdb556c50c9e8de78 -> 
  custom:SearchIndexIgnoredProperties: e643bd26f0fe6173181afceb89e7c659 -> 
  custom:AudioImporter_EditorPlatform: d09bf68614088b80899f8185d706f6e7 -> 
  custom:video-encoder-webm-vp8: eb34c28f22e8b96e1ab97ce403110664 -> 
  custom:audio-decoder-ogg-vorbis: bf7c407c2cedff20999df2af8eb42d56 -> 
  custom:audio-encoder-webm-vorbis: bf7c407c2cedff20999df2af8eb42d56 -> 
========================================================================
Received Import Request.
  Time since last request: 2715.372122 seconds.
  path: Assets/Platform.prefab
  artifactKey: Guid(c4b9fa1987aab5c4da03a4c1d9a2b11d) Importer(815301076,1909f56bfc062723c751e8b465ee728b)
Start importing Assets/Platform.prefab using Guid(c4b9fa1987aab5c4da03a4c1d9a2b11d) Importer(815301076,1909f56bfc062723c751e8b465ee728b)  -> (artifact id: 'c982e278cb116d809486bc9d00b14adf') in 0.101477 seconds
Number of updated asset objects reloaded before import = 0
Number of asset objects unloaded after import = 10
========================================================================
Received Import Request.
  Time since last request: 87.018655 seconds.
  path: Assets/New Animated Tile.asset
  artifactKey: Guid(859e0286be1685c4fb02c17f77cde92d) Importer(815301076,1909f56bfc062723c751e8b465ee728b)
Start importing Assets/New Animated Tile.asset using Guid(859e0286be1685c4fb02c17f77cde92d) Importer(815301076,1909f56bfc062723c751e8b465ee728b)  -> (artifact id: 'abe238d4886294db69d5f5512b765ec7') in 0.001696 seconds
Number of updated asset objects reloaded before import = 0
Number of asset objects unloaded after import = 1
========================================================================
Received Import Request.
  Time since last request: 13.125355 seconds.
  path: Assets/New Isometric Rule Tile.asset
  artifactKey: Guid(1773adafbc71ee742aff24b6df73aead) Importer(815301076,1909f56bfc062723c751e8b465ee728b)
Start importing Assets/New Isometric Rule Tile.asset using Guid(1773adafbc71ee742aff24b6df73aead) Importer(815301076,1909f56bfc062723c751e8b465ee728b)  -> (artifact id: '5a72005ed9d4d3f1f4faf9c51e1603a3') in 0.007936 seconds
Number of updated asset objects reloaded before import = 0
Number of asset objects unloaded after import = 1
========================================================================
Received Import Request.
  Time since last request: 53.733298 seconds.
  path: Assets/New Rule Tile.asset
  artifactKey: Guid(c7278edad384e7047b43828d30f1b942) Importer(815301076,1909f56bfc062723c751e8b465ee728b)
Start importing Assets/New Rule Tile.asset using Guid(c7278edad384e7047b43828d30f1b942) Importer(815301076,1909f56bfc062723c751e8b465ee728b)  -> (artifact id: '976d67e667919087fed868a684f81be7') in 0.002902 seconds
Number of updated asset objects reloaded before import = 0
Number of asset objects unloaded after import = 1
========================================================================
Received Import Request.
  Time since last request: 15.635146 seconds.
  path: Assets/Item01_Coin.png
  artifactKey: Guid(337af5dc5e7bb34469436311b524a504) Importer(815301076,1909f56bfc062723c751e8b465ee728b)
Start importing Assets/Item01_Coin.png using Guid(337af5dc5e7bb34469436311b524a504) Importer(815301076,1909f56bfc062723c751e8b465ee728b)  -> (artifact id: '8948fd730e97be26c6e4a040b8ddd78e') in 0.051721 seconds
Number of updated asset objects reloaded before import = 0
Number of asset objects unloaded after import = 3
========================================================================
Received Import Request.
  Time since last request: 0.000045 seconds.
  path: Assets/Tile05_Pipe.png
  artifactKey: Guid(23fa1e558077d3941b80c2805fe8ecbe) Importer(815301076,1909f56bfc062723c751e8b465ee728b)
Start importing Assets/Tile05_Pipe.png using Guid(23fa1e558077d3941b80c2805fe8ecbe) Importer(815301076,1909f56bfc062723c751e8b465ee728b)  -> (artifact id: 'fac15f9e92be201921d639a770852621') in 0.016193 seconds
Number of updated asset objects reloaded before import = 0
Number of asset objects unloaded after import = 3
========================================================================
Received Import Request.
  Time since last request: 0.000038 seconds.
  path: Assets/Tile03_Item.png
  artifactKey: Guid(146ed3743faaf2942a7afc8a407ee092) Importer(815301076,1909f56bfc062723c751e8b465ee728b)
Start importing Assets/Tile03_Item.png using Guid(146ed3743faaf2942a7afc8a407ee092) Importer(815301076,1909f56bfc062723c751e8b465ee728b)  -> (artifact id: '8746a33ff3f378c3998353627b2923b9') in 0.016886 seconds
Number of updated asset objects reloaded before import = 0
Number of asset objects unloaded after import = 3
========================================================================
Received Import Request.
  Time since last request: 0.000021 seconds.
  path: Assets/Item03_Star.png
  artifactKey: Guid(1edc616552887934d923f89c956a8c36) Importer(815301076,1909f56bfc062723c751e8b465ee728b)
Start importing Assets/Item03_Star.png using Guid(1edc616552887934d923f89c956a8c36) Importer(815301076,1909f56bfc062723c751e8b465ee728b)  -> (artifact id: 'bac42268718b413825f50be694b3a046') in 0.019700 seconds
Number of updated asset objects reloaded before import = 0
Number of asset objects unloaded after import = 3
========================================================================
Received Import Request.
  Time since last request: 0.000022 seconds.
  path: Assets/Tile01_Floor.png
  artifactKey: Guid(69b526beb39f067469f0e42af7a4cc93) Importer(815301076,1909f56bfc062723c751e8b465ee728b)
Start importing Assets/Tile01_Floor.png using Guid(69b526beb39f067469f0e42af7a4cc93) Importer(815301076,1909f56bfc062723c751e8b465ee728b)  -> (artifact id: '5886f36c79ce8a3a592fa3685baef927') in 0.016166 seconds
Number of updated asset objects reloaded before import = 0
Number of asset objects unloaded after import = 3
========================================================================
Received Import Request.
  Time since last request: 41.998117 seconds.
  path: Assets/Tile01_Floor.asset
  artifactKey: Guid(c7278edad384e7047b43828d30f1b942) Importer(815301076,1909f56bfc062723c751e8b465ee728b)
Start importing Assets/Tile01_Floor.asset using Guid(c7278edad384e7047b43828d30f1b942) Importer(815301076,1909f56bfc062723c751e8b465ee728b)  -> (artifact id: '3e3d7a9cfce665990f598b257b2efc70') in 0.011847 seconds
Number of updated asset objects reloaded before import = 0
Number of asset objects unloaded after import = 3
========================================================================
Received Import Request.
  Time since last request: 17.477263 seconds.
  path: Assets/Tile02_Broke.asset
  artifactKey: Guid(6f7212663e05a414fac8418cada94e96) Importer(815301076,1909f56bfc062723c751e8b465ee728b)
Start importing Assets/Tile02_Broke.asset using Guid(6f7212663e05a414fac8418cada94e96) Importer(815301076,1909f56bfc062723c751e8b465ee728b)  -> (artifact id: 'd8cc9def558fe23d10b28b6e93da65fe') in 0.002168 seconds
Number of updated asset objects reloaded before import = 0
Number of asset objects unloaded after import = 1
========================================================================
Received Import Request.
  Time since last request: 15.498415 seconds.
  path: Assets/New Rule Tile.asset
  artifactKey: Guid(358ea76c4eca29845bbc817719508d68) Importer(815301076,1909f56bfc062723c751e8b465ee728b)
Start importing Assets/New Rule Tile.asset using Guid(358ea76c4eca29845bbc817719508d68) Importer(815301076,1909f56bfc062723c751e8b465ee728b)  -> (artifact id: '51734c8a683a3a714b86b4276a31b60a') in 0.002171 seconds
Number of updated asset objects reloaded before import = 0
Number of asset objects unloaded after import = 1
========================================================================
Received Import Request.
  Time since last request: 10.392253 seconds.
  path: Assets/Tile03_Item.asset
  artifactKey: Guid(ac98735d4bc31664bb65d6ca56652b7e) Importer(815301076,1909f56bfc062723c751e8b465ee728b)
Start importing Assets/Tile03_Item.asset using Guid(ac98735d4bc31664bb65d6ca56652b7e) Importer(815301076,1909f56bfc062723c751e8b465ee728b)  -> (artifact id: 'b1dcbf0ff8682f69556fa844de35e394') in 0.001984 seconds
Number of updated asset objects reloaded before import = 0
Number of asset objects unloaded after import = 1
========================================================================
Received Import Request.
  Time since last request: 13.389468 seconds.
  path: Assets/Tile04_NonBroke.asset
  artifactKey: Guid(358ea76c4eca29845bbc817719508d68) Importer(815301076,1909f56bfc062723c751e8b465ee728b)
Start importing Assets/Tile04_NonBroke.asset using Guid(358ea76c4eca29845bbc817719508d68) Importer(815301076,1909f56bfc062723c751e8b465ee728b)  -> (artifact id: 'adfa2a9963612178c6430156d1689372') in 0.002473 seconds
Number of updated asset objects reloaded before import = 0
Number of asset objects unloaded after import = 1
========================================================================
Received Import Request.
  Time since last request: 26.820293 seconds.
  path: Assets/Tile05_Pipe.asset
  artifactKey: Guid(f12976e91fefce84685ba2d4bda77909) Importer(815301076,1909f56bfc062723c751e8b465ee728b)
Start importing Assets/Tile05_Pipe.asset using Guid(f12976e91fefce84685ba2d4bda77909) Importer(815301076,1909f56bfc062723c751e8b465ee728b)  -> (artifact id: '3f157ae932693c500c81261094527154') in 0.002248 seconds
Number of updated asset objects reloaded before import = 0
Number of asset objects unloaded after import = 1
========================================================================
Received Import Request.
  Time since last request: 40.028971 seconds.
  path: Assets/Platform.prefab
  artifactKey: Guid(c4b9fa1987aab5c4da03a4c1d9a2b11d) Importer(815301076,1909f56bfc062723c751e8b465ee728b)
Start importing Assets/Platform.prefab using Guid(c4b9fa1987aab5c4da03a4c1d9a2b11d) Importer(815301076,1909f56bfc062723c751e8b465ee728b)  -> (artifact id: '9a3fb2ab87d3d44ab9438c19096c6c61') in 0.017959 seconds
Number of updated asset objects reloaded before import = 0
Number of asset objects unloaded after import = 13
========================================================================
Received Import Request.
  Time since last request: 3.567568 seconds.
  path: Assets/Platform.prefab
  artifactKey: Guid(c4b9fa1987aab5c4da03a4c1d9a2b11d) Importer(815301076,1909f56bfc062723c751e8b465ee728b)
Start importing Assets/Platform.prefab using Guid(c4b9fa1987aab5c4da03a4c1d9a2b11d) Importer(815301076,1909f56bfc062723c751e8b465ee728b)  -> (artifact id: '827a5dcbcd5cab8e6d982480aeca33da') in 0.014382 seconds
Number of updated asset objects reloaded before import = 0
Number of asset objects unloaded after import = 16
========================================================================
Received Import Request.
  Time since last request: 12.011714 seconds.
  path: Assets/Platform.prefab
  artifactKey: Guid(c4b9fa1987aab5c4da03a4c1d9a2b11d) Importer(815301076,1909f56bfc062723c751e8b465ee728b)
Start importing Assets/Platform.prefab using Guid(c4b9fa1987aab5c4da03a4c1d9a2b11d) Importer(815301076,1909f56bfc062723c751e8b465ee728b)  -> (artifact id: '547b10b4db7be1d542597ff4fceec175') in 0.014715 seconds
Number of updated asset objects reloaded before import = 0
Number of asset objects unloaded after import = 19
========================================================================
Received Import Request.
  Time since last request: 8.638910 seconds.
  path: Assets/Platform.prefab
  artifactKey: Guid(c4b9fa1987aab5c4da03a4c1d9a2b11d) Importer(815301076,1909f56bfc062723c751e8b465ee728b)
Start importing Assets/Platform.prefab using Guid(c4b9fa1987aab5c4da03a4c1d9a2b11d) Importer(815301076,1909f56bfc062723c751e8b465ee728b)  -> (artifact id: '422b5cc7a0fb344fd0b6c1d4b1951810') in 0.016318 seconds
Number of updated asset objects reloaded before import = 0
Number of asset objects unloaded after import = 22
========================================================================
Received Import Request.
  Time since last request: 2.772047 seconds.
  path: Assets/Platform.prefab
  artifactKey: Guid(c4b9fa1987aab5c4da03a4c1d9a2b11d) Importer(815301076,1909f56bfc062723c751e8b465ee728b)
Start importing Assets/Platform.prefab using Guid(c4b9fa1987aab5c4da03a4c1d9a2b11d) Importer(815301076,1909f56bfc062723c751e8b465ee728b)  -> (artifact id: 'b4cb11c511956a7f3ba2d16058ef5128') in 0.018647 seconds
Number of updated asset objects reloaded before import = 0
Number of asset objects unloaded after import = 25
========================================================================
Received Import Request.
  Time since last request: 258.081075 seconds.
  path: Assets/Platform.prefab
  artifactKey: Guid(c4b9fa1987aab5c4da03a4c1d9a2b11d) Importer(815301076,1909f56bfc062723c751e8b465ee728b)
Start importing Assets/Platform.prefab using Guid(c4b9fa1987aab5c4da03a4c1d9a2b11d) Importer(815301076,1909f56bfc062723c751e8b465ee728b)  -> (artifact id: 'edd5c972552090d22235b0ee8c6a35e8') in 0.026621 seconds
Number of updated asset objects reloaded before import = 0
Number of asset objects unloaded after import = 25
========================================================================
Received Import Request.
  Time since last request: 4.373906 seconds.
  path: Assets/Platform.prefab
  artifactKey: Guid(c4b9fa1987aab5c4da03a4c1d9a2b11d) Importer(815301076,1909f56bfc062723c751e8b465ee728b)
Start importing Assets/Platform.prefab using Guid(c4b9fa1987aab5c4da03a4c1d9a2b11d) Importer(815301076,1909f56bfc062723c751e8b465ee728b)  -> (artifact id: '121381bcf2fc881bfebdbd59f506b155') in 0.025600 seconds
Number of updated asset objects reloaded before import = 0
Number of asset objects unloaded after import = 22
========================================================================
Received Import Request.
  Time since last request: 6.492888 seconds.
  path: Assets/Platform.prefab
  artifactKey: Guid(c4b9fa1987aab5c4da03a4c1d9a2b11d) Importer(815301076,1909f56bfc062723c751e8b465ee728b)
Start importing Assets/Platform.prefab using Guid(c4b9fa1987aab5c4da03a4c1d9a2b11d) Importer(815301076,1909f56bfc062723c751e8b465ee728b)  -> (artifact id: '1af19802be38901aebcf5f4cc80d5c33') in 0.020119 seconds
Number of updated asset objects reloaded before import = 0
Number of asset objects unloaded after import = 25
========================================================================
Received Import Request.
  Time since last request: 8.622531 seconds.
  path: Assets/Platform.prefab
  artifactKey: Guid(c4b9fa1987aab5c4da03a4c1d9a2b11d) Importer(815301076,1909f56bfc062723c751e8b465ee728b)
Start importing Assets/Platform.prefab using Guid(c4b9fa1987aab5c4da03a4c1d9a2b11d) Importer(815301076,1909f56bfc062723c751e8b465ee728b)  -> (artifact id: '37762587d190a300a58f052352e082f5') in 0.027954 seconds
Number of updated asset objects reloaded before import = 0
Number of asset objects unloaded after import = 22
========================================================================
Received Import Request.
  Time since last request: 37.208102 seconds.
  path: Assets/Platform.prefab
  artifactKey: Guid(c4b9fa1987aab5c4da03a4c1d9a2b11d) Importer(815301076,1909f56bfc062723c751e8b465ee728b)
Start importing Assets/Platform.prefab using Guid(c4b9fa1987aab5c4da03a4c1d9a2b11d) Importer(815301076,1909f56bfc062723c751e8b465ee728b)  -> (artifact id: 'd6d2161c95173af10f7023d361262c5d') in 0.026200 seconds
Number of updated asset objects reloaded before import = 0
Number of asset objects unloaded after import = 25
========================================================================
Received Import Request.
  Time since last request: 4.604812 seconds.
  path: Assets/Platform.prefab
  artifactKey: Guid(c4b9fa1987aab5c4da03a4c1d9a2b11d) Importer(815301076,1909f56bfc062723c751e8b465ee728b)
Start importing Assets/Platform.prefab using Guid(c4b9fa1987aab5c4da03a4c1d9a2b11d) Importer(815301076,1909f56bfc062723c751e8b465ee728b)  -> (artifact id: '360f40eae6093b11ac04ccddde1ec086') in 0.025942 seconds
Number of updated asset objects reloaded before import = 0
Number of asset objects unloaded after import = 25
========================================================================
Received Import Request.
  Time since last request: 0.000034 seconds.
  path: Assets/Tile04_NonBroke.asset
  artifactKey: Guid(358ea76c4eca29845bbc817719508d68) Importer(815301076,1909f56bfc062723c751e8b465ee728b)
Start importing Assets/Tile04_NonBroke.asset using Guid(358ea76c4eca29845bbc817719508d68) Importer(815301076,1909f56bfc062723c751e8b465ee728b)  -> (artifact id: 'c42f490bf715d52021434a94c0b3f874') in 0.012354 seconds
Number of updated asset objects reloaded before import = 0
Number of asset objects unloaded after import = 3
========================================================================
Received Import Request.
  Time since last request: 0.000026 seconds.
  path: Assets/Tile03_Item.asset
  artifactKey: Guid(ac98735d4bc31664bb65d6ca56652b7e) Importer(815301076,1909f56bfc062723c751e8b465ee728b)
Start importing Assets/Tile03_Item.asset using Guid(ac98735d4bc31664bb65d6ca56652b7e) Importer(815301076,1909f56bfc062723c751e8b465ee728b)  -> (artifact id: 'edf50375fcd68afb5afd88b1d6edbfc6') in 0.013109 seconds
Number of updated asset objects reloaded before import = 0
Number of asset objects unloaded after import = 3
========================================================================
Received Import Request.
  Time since last request: 0.000027 seconds.
  path: Assets/Tile05_Pipe.asset
  artifactKey: Guid(f12976e91fefce84685ba2d4bda77909) Importer(815301076,1909f56bfc062723c751e8b465ee728b)
Start importing Assets/Tile05_Pipe.asset using Guid(f12976e91fefce84685ba2d4bda77909) Importer(815301076,1909f56bfc062723c751e8b465ee728b)  -> (artifact id: 'fc3d7b37ba8b5694fd2eefaaf957c01c') in 0.014853 seconds
Number of updated asset objects reloaded before import = 0
Number of asset objects unloaded after import = 3
========================================================================
Received Import Request.
  Time since last request: 24.613885 seconds.
  path: Assets/Platform.prefab
  artifactKey: Guid(c4b9fa1987aab5c4da03a4c1d9a2b11d) Importer(815301076,1909f56bfc062723c751e8b465ee728b)
Start importing Assets/Platform.prefab using Guid(c4b9fa1987aab5c4da03a4c1d9a2b11d) Importer(815301076,1909f56bfc062723c751e8b465ee728b)  -> (artifact id: 'f537186ccf47cd02bc3b415504dc13de') in 0.028694 seconds
Number of updated asset objects reloaded before import = 0
Number of asset objects unloaded after import = 22
========================================================================
Received Import Request.
  Time since last request: 4.104935 seconds.
  path: Assets/Platform.prefab
  artifactKey: Guid(c4b9fa1987aab5c4da03a4c1d9a2b11d) Importer(815301076,1909f56bfc062723c751e8b465ee728b)
Start importing Assets/Platform.prefab using Guid(c4b9fa1987aab5c4da03a4c1d9a2b11d) Importer(815301076,1909f56bfc062723c751e8b465ee728b)  -> (artifact id: '79725faa72448665c290ba92d1bc4d0d') in 0.026800 seconds
Number of updated asset objects reloaded before import = 0
Number of asset objects unloaded after import = 25
========================================================================
Received Import Request.
  Time since last request: 29.195662 seconds.
  path: Assets/Platform.prefab
  artifactKey: Guid(c4b9fa1987aab5c4da03a4c1d9a2b11d) Importer(815301076,1909f56bfc062723c751e8b465ee728b)
Start importing Assets/Platform.prefab using Guid(c4b9fa1987aab5c4da03a4c1d9a2b11d) Importer(815301076,1909f56bfc062723c751e8b465ee728b)  -> (artifact id: '2c98aadf0d380b365b9ce5963003af34') in 0.021980 seconds
Number of updated asset objects reloaded before import = 0
Number of asset objects unloaded after import = 25
========================================================================
Received Import Request.
  Time since last request: 3.576588 seconds.
  path: Assets/Platform.prefab
  artifactKey: Guid(c4b9fa1987aab5c4da03a4c1d9a2b11d) Importer(815301076,1909f56bfc062723c751e8b465ee728b)
Start importing Assets/Platform.prefab using Guid(c4b9fa1987aab5c4da03a4c1d9a2b11d) Importer(815301076,1909f56bfc062723c751e8b465ee728b)  -> (artifact id: '5c89abfcdb4d746bea618a83e4e6806c') in 0.021371 seconds
Number of updated asset objects reloaded before import = 0
Number of asset objects unloaded after import = 25
========================================================================
Received Prepare
Begin MonoManager ReloadAssembly
- Loaded All Assemblies, in  0.650 seconds
Refreshing native plugins compatible for Editor in 10.84 ms, found 4 plugins.
Native extension for WindowsStandalone target not found
Native extension for Android target not found
[Package Manager] Server::EnsureServerProcessIsRunning -- launch failed, reason: Unity was launched with the -noUpm command-line argument
[Package Manager] UpmClient::Send -- Unable to send message (not connected to UPM process).
[Package Manager] Cannot connect to Unity Package Manager local server
Mono: successfully reloaded assembly
- Finished resetting the current domain, in  2.474 seconds
Domain Reload Profiling: 3114ms
	BeginReloadAssembly (217ms)
		ExecutionOrderSort (0ms)
		DisableScriptedObjects (13ms)
		BackupInstance (0ms)
		ReleaseScriptingObjects (0ms)
		CreateAndSetChildDomain (40ms)
	RebuildCommonClasses (32ms)
	RebuildNativeTypeToScriptingClass (10ms)
	initialDomainReloadingComplete (43ms)
	LoadAllAssembliesAndSetupDomain (337ms)
		LoadAssemblies (445ms)
		RebuildTransferFunctionScriptingTraits (0ms)
		AnalyzeDomain (16ms)
			TypeCache.Refresh (7ms)
				TypeCache.ScanAssembly (0ms)
			ScanForSourceGeneratedMonoScriptInfo (0ms)
			ResolveRequiredComponents (8ms)
	FinalizeReload (2475ms)
		ReleaseScriptCaches (0ms)
		RebuildScriptCaches (0ms)
		SetupLoadedEditorAssemblies (659ms)
			LogAssemblyErrors (0ms)
			InitializePlatformSupportModulesInManaged (48ms)
			SetLoadedEditorAssemblies (5ms)
			RefreshPlugins (0ms)
			BeforeProcessingInitializeOnLoad (119ms)
			ProcessInitializeOnLoadAttributes (406ms)
			ProcessInitializeOnLoadMethodAttributes (49ms)
			AfterProcessingInitializeOnLoad (32ms)
			EditorAssembliesLoaded (0ms)
		ExecutionOrderSort2 (0ms)
		AwakeInstancesAfterBackupRestoration (35ms)
Refreshing native plugins compatible for Editor in 20.66 ms, found 4 plugins.
Preloading 0 native plugins for Editor in 0.00 ms.
Unloading 4027 Unused Serialized files (Serialized files now loaded: 0)
Unloading 42 unused Assets / (216.5 KB). Loaded Objects now: 4515.
Memory consumption went from 148.3 MB to 148.1 MB.
Total: 5.679800 ms (FindLiveObjects: 0.425800 ms CreateObjectMapping: 0.355300 ms MarkObjects: 4.538200 ms  DeleteObjects: 0.357900 ms)

Prepare: number of updated asset objects reloaded= 0
AssetImportParameters requested are different than current active one (requested -> active):
  custom:container-demuxer-ogg: 62fdf1f143b41e24485cea50d1cbac27 -> 
  custom:video-decoder-ogg-theora: a1e56fd34408186e4bbccfd4996cb3dc -> 
  custom:framework-win-MediaFoundation: 216162199b28c13a410421893ffa2e32 -> 
  custom:CustomObjectIndexerAttribute: 9a22284fe3817be447336de3de66b15e -> 
  custom:container-demuxer-webm: 4f35f7cbe854078d1ac9338744f61a02 -> 
  custom:container-muxer-webm: aa71ff27fc2769a1b78a27578f13a17b -> 
  custom:video-decoder-webm-vp8: 9c59270c3fd7afecdb556c50c9e8de78 -> 
  custom:SearchIndexIgnoredProperties: e643bd26f0fe6173181afceb89e7c659 -> 
  custom:AudioImporter_EditorPlatform: d09bf68614088b80899f8185d706f6e7 -> 
  custom:video-encoder-webm-vp8: eb34c28f22e8b96e1ab97ce403110664 -> 
  custom:audio-decoder-ogg-vorbis: bf7c407c2cedff20999df2af8eb42d56 -> 
  custom:audio-encoder-webm-vorbis: bf7c407c2cedff20999df2af8eb42d56 -> 
========================================================================
Received Prepare
Begin MonoManager ReloadAssembly
- Loaded All Assemblies, in  0.641 seconds
Refreshing native plugins compatible for Editor in 11.27 ms, found 4 plugins.
Native extension for WindowsStandalone target not found
Native extension for Android target not found
[Package Manager] Server::EnsureServerProcessIsRunning -- launch failed, reason: Unity was launched with the -noUpm command-line argument
[Package Manager] UpmClient::Send -- Unable to send message (not connected to UPM process).
[Package Manager] Cannot connect to Unity Package Manager local server
Mono: successfully reloaded assembly
- Finished resetting the current domain, in  2.526 seconds
Domain Reload Profiling: 3159ms
	BeginReloadAssembly (210ms)
		ExecutionOrderSort (0ms)
		DisableScriptedObjects (12ms)
		BackupInstance (0ms)
		ReleaseScriptingObjects (0ms)
		CreateAndSetChildDomain (35ms)
	RebuildCommonClasses (47ms)
	RebuildNativeTypeToScriptingClass (12ms)
	initialDomainReloadingComplete (38ms)
	LoadAllAssembliesAndSetupDomain (325ms)
		LoadAssemblies (438ms)
		RebuildTransferFunctionScriptingTraits (0ms)
		AnalyzeDomain (15ms)
			TypeCache.Refresh (6ms)
				TypeCache.ScanAssembly (0ms)
			ScanForSourceGeneratedMonoScriptInfo (0ms)
			ResolveRequiredComponents (8ms)
	FinalizeReload (2527ms)
		ReleaseScriptCaches (0ms)
		RebuildScriptCaches (0ms)
		SetupLoadedEditorAssemblies (707ms)
			LogAssemblyErrors (0ms)
			InitializePlatformSupportModulesInManaged (51ms)
			SetLoadedEditorAssemblies (7ms)
			RefreshPlugins (0ms)
			BeforeProcessingInitializeOnLoad (124ms)
			ProcessInitializeOnLoadAttributes (463ms)
			ProcessInitializeOnLoadMethodAttributes (46ms)
			AfterProcessingInitializeOnLoad (16ms)
			EditorAssembliesLoaded (0ms)
		ExecutionOrderSort2 (0ms)
		AwakeInstancesAfterBackupRestoration (30ms)
Refreshing native plugins compatible for Editor in 18.12 ms, found 4 plugins.
Preloading 0 native plugins for Editor in 0.00 ms.
Unloading 4028 Unused Serialized files (Serialized files now loaded: 0)
Unloading 42 unused Assets / (216.7 KB). Loaded Objects now: 4519.
Memory consumption went from 150.5 MB to 150.3 MB.
Total: 5.439000 ms (FindLiveObjects: 0.368500 ms CreateObjectMapping: 0.265600 ms MarkObjects: 4.534500 ms  DeleteObjects: 0.268700 ms)

Prepare: number of updated asset objects reloaded= 0
AssetImportParameters requested are different than current active one (requested -> active):
  custom:container-demuxer-ogg: 62fdf1f143b41e24485cea50d1cbac27 -> 
  custom:video-decoder-ogg-theora: a1e56fd34408186e4bbccfd4996cb3dc -> 
  custom:framework-win-MediaFoundation: 216162199b28c13a410421893ffa2e32 -> 
  custom:CustomObjectIndexerAttribute: 9a22284fe3817be447336de3de66b15e -> 
  custom:container-demuxer-webm: 4f35f7cbe854078d1ac9338744f61a02 -> 
  custom:container-muxer-webm: aa71ff27fc2769a1b78a27578f13a17b -> 
  custom:video-decoder-webm-vp8: 9c59270c3fd7afecdb556c50c9e8de78 -> 
  custom:SearchIndexIgnoredProperties: e643bd26f0fe6173181afceb89e7c659 -> 
  custom:AudioImporter_EditorPlatform: d09bf68614088b80899f8185d706f6e7 -> 
  custom:video-encoder-webm-vp8: eb34c28f22e8b96e1ab97ce403110664 -> 
  custom:audio-decoder-ogg-vorbis: bf7c407c2cedff20999df2af8eb42d56 -> 
  custom:audio-encoder-webm-vorbis: bf7c407c2cedff20999df2af8eb42d56 -> 
========================================================================
Received Import Request.
  Time since last request: 611.673211 seconds.
  path: Assets/New Brush.brush
  artifactKey: Guid(9c7bd3fe368acb443a67d54c99564706) Importer(815301076,1909f56bfc062723c751e8b465ee728b)
Start importing Assets/New Brush.brush using Guid(9c7bd3fe368acb443a67d54c99564706) Importer(815301076,1909f56bfc062723c751e8b465ee728b)  -> (artifact id: 'b513ff6535ea9a170a9923432d6f63d1') in 0.052017 seconds
Number of updated asset objects reloaded before import = 0
Number of asset objects unloaded after import = 1
========================================================================
Received Import Request.
  Time since last request: 51.860342 seconds.
  path: Assets
  artifactKey: Guid(00000000000000001000000000000000) Importer(815301076,1909f56bfc062723c751e8b465ee728b)
Start importing Assets using Guid(00000000000000001000000000000000) Importer(815301076,1909f56bfc062723c751e8b465ee728b)  -> (artifact id: '8a4fe85251aa2e89732c359432baa2c3') in 0.000437 seconds
Number of updated asset objects reloaded before import = 0
Number of asset objects unloaded after import = 0
========================================================================
Received Import Request.
  Time since last request: 11.733334 seconds.
  path: Assets/ItemCollisionCheck.cs
  artifactKey: Guid(9c088a67cc1e7ec4b89cd3d4712bc7a3) Importer(815301076,1909f56bfc062723c751e8b465ee728b)
Start importing Assets/ItemCollisionCheck.cs using Guid(9c088a67cc1e7ec4b89cd3d4712bc7a3) Importer(815301076,1909f56bfc062723c751e8b465ee728b)  -> (artifact id: '291ccbe8b475e380ef6bed3c8f88f3a5') in 0.000668 seconds
Number of updated asset objects reloaded before import = 0
Number of asset objects unloaded after import = 0
========================================================================
Received Import Request.
  Time since last request: 44.190345 seconds.
  path: Assets/ItemCollisionCheck.cs
  artifactKey: Guid(9c088a67cc1e7ec4b89cd3d4712bc7a3) Importer(815301076,1909f56bfc062723c751e8b465ee728b)
Start importing Assets/ItemCollisionCheck.cs using Guid(9c088a67cc1e7ec4b89cd3d4712bc7a3) Importer(815301076,1909f56bfc062723c751e8b465ee728b)  -> (artifact id: '1da38529182d0262c73d0edc0322572e') in 0.001042 seconds
Number of updated asset objects reloaded before import = 0
Number of asset objects unloaded after import = 0
========================================================================
Received Import Request.
  Time since last request: 4.413471 seconds.
  path: Assets/2d-extras-master
  artifactKey: Guid(2a26ca1aecdc31a48a9b807873618daf) Importer(815301076,1909f56bfc062723c751e8b465ee728b)
Start importing Assets/2d-extras-master using Guid(2a26ca1aecdc31a48a9b807873618daf) Importer(815301076,1909f56bfc062723c751e8b465ee728b)  -> (artifact id: '814402316ef8e321e23400c2b8496a83') in 0.000615 seconds
Number of updated asset objects reloaded before import = 0
Number of asset objects unloaded after import = 0
========================================================================
Received Import Request.
  Time since last request: 23.614090 seconds.
  path: Assets/2d-extras-master/Tests
  artifactKey: Guid(90b0f25fa4376c248bea1201e4342f49) Importer(815301076,1909f56bfc062723c751e8b465ee728b)
Start importing Assets/2d-extras-master/Tests using Guid(90b0f25fa4376c248bea1201e4342f49) Importer(815301076,1909f56bfc062723c751e8b465ee728b)  -> (artifact id: 'ddab38db4be34a2cc9fa81601bc91f6d') in 0.000615 seconds
Number of updated asset objects reloaded before import = 0
Number of asset objects unloaded after import = 0
========================================================================
Received Import Request.
  Time since last request: 1.563475 seconds.
  path: Assets/2d-extras-master/Tests/Editor
  artifactKey: Guid(3c131edee62fcb84fa6a52f369971817) Importer(815301076,1909f56bfc062723c751e8b465ee728b)
Start importing Assets/2d-extras-master/Tests/Editor using Guid(3c131edee62fcb84fa6a52f369971817) Importer(815301076,1909f56bfc062723c751e8b465ee728b)  -> (artifact id: 'aa5c94d0befd5445842571e8aec9ba89') in 0.000714 seconds
Number of updated asset objects reloaded before import = 0
Number of asset objects unloaded after import = 0
========================================================================
Received Import Request.
  Time since last request: 0.111700 seconds.
  path: Assets/2d-extras-master/Tests/Editor/Unity.2D.Tilemap.Extras.EditorTests.asmdef
  artifactKey: Guid(5e3f7f76274542844a40b9f65c5f5472) Importer(815301076,1909f56bfc062723c751e8b465ee728b)
Start importing Assets/2d-extras-master/Tests/Editor/Unity.2D.Tilemap.Extras.EditorTests.asmdef using Guid(5e3f7f76274542844a40b9f65c5f5472) Importer(815301076,1909f56bfc062723c751e8b465ee728b)  -> (artifact id: '8536ddffcea2c2eee7fa2d1431a96b88') in 0.001057 seconds
Number of updated asset objects reloaded before import = 0
Number of asset objects unloaded after import = 0
========================================================================
Received Prepare
Begin MonoManager ReloadAssembly
- Loaded All Assemblies, in  0.670 seconds
Refreshing native plugins compatible for Editor in 10.13 ms, found 4 plugins.
Native extension for WindowsStandalone target not found
Native extension for Android target not found
[Package Manager] Server::EnsureServerProcessIsRunning -- launch failed, reason: Unity was launched with the -noUpm command-line argument
[Package Manager] UpmClient::Send -- Unable to send message (not connected to UPM process).
[Package Manager] Cannot connect to Unity Package Manager local server
Mono: successfully reloaded assembly
- Finished resetting the current domain, in  1.489 seconds
Domain Reload Profiling: 2147ms
	BeginReloadAssembly (213ms)
		ExecutionOrderSort (0ms)
		DisableScriptedObjects (10ms)
		BackupInstance (0ms)
		ReleaseScriptingObjects (0ms)
		CreateAndSetChildDomain (39ms)
	RebuildCommonClasses (42ms)
	RebuildNativeTypeToScriptingClass (10ms)
	initialDomainReloadingComplete (46ms)
	LoadAllAssembliesAndSetupDomain (346ms)
		LoadAssemblies (448ms)
		RebuildTransferFunctionScriptingTraits (0ms)
		AnalyzeDomain (27ms)
			TypeCache.Refresh (9ms)
				TypeCache.ScanAssembly (0ms)
			ScanForSourceGeneratedMonoScriptInfo (11ms)
			ResolveRequiredComponents (5ms)
	FinalizeReload (1489ms)
		ReleaseScriptCaches (0ms)
		RebuildScriptCaches (0ms)
		SetupLoadedEditorAssemblies (420ms)
			LogAssemblyErrors (0ms)
			InitializePlatformSupportModulesInManaged (31ms)
			SetLoadedEditorAssemblies (3ms)
			RefreshPlugins (0ms)
			BeforeProcessingInitializeOnLoad (83ms)
			ProcessInitializeOnLoadAttributes (260ms)
			ProcessInitializeOnLoadMethodAttributes (29ms)
			AfterProcessingInitializeOnLoad (13ms)
			EditorAssembliesLoaded (0ms)
		ExecutionOrderSort2 (0ms)
		AwakeInstancesAfterBackupRestoration (25ms)
Refreshing native plugins compatible for Editor in 15.31 ms, found 4 plugins.
Preloading 0 native plugins for Editor in 0.00 ms.
Unloading 4028 Unused Serialized files (Serialized files now loaded: 0)
Unloading 42 unused Assets / (217.0 KB). Loaded Objects now: 4529.
Memory consumption went from 152.3 MB to 152.1 MB.
Total: 3.197500 ms (FindLiveObjects: 0.281900 ms CreateObjectMapping: 0.188800 ms MarkObjects: 2.475700 ms  DeleteObjects: 0.249500 ms)

Prepare: number of updated asset objects reloaded= 0
AssetImportParameters requested are different than current active one (requested -> active):
  custom:container-demuxer-ogg: 62fdf1f143b41e24485cea50d1cbac27 -> 
  custom:video-decoder-ogg-theora: a1e56fd34408186e4bbccfd4996cb3dc -> 
  custom:framework-win-MediaFoundation: 216162199b28c13a410421893ffa2e32 -> 
  custom:CustomObjectIndexerAttribute: 9a22284fe3817be447336de3de66b15e -> 
  custom:container-demuxer-webm: 4f35f7cbe854078d1ac9338744f61a02 -> 
  custom:container-muxer-webm: aa71ff27fc2769a1b78a27578f13a17b -> 
  custom:video-decoder-webm-vp8: 9c59270c3fd7afecdb556c50c9e8de78 -> 
  custom:SearchIndexIgnoredProperties: e643bd26f0fe6173181afceb89e7c659 -> 
  custom:AudioImporter_EditorPlatform: d09bf68614088b80899f8185d706f6e7 -> 
  custom:video-encoder-webm-vp8: eb34c28f22e8b96e1ab97ce403110664 -> 
  custom:audio-decoder-ogg-vorbis: bf7c407c2cedff20999df2af8eb42d56 -> 
  custom:audio-encoder-webm-vorbis: bf7c407c2cedff20999df2af8eb42d56 -> 
========================================================================
Received Import Request.
  Time since last request: 122.019081 seconds.
  path: Assets/Coin.prefab
  artifactKey: Guid(2639cdbbb7437d2428afff4cdcc660f8) Importer(815301076,1909f56bfc062723c751e8b465ee728b)
Start importing Assets/Coin.prefab using Guid(2639cdbbb7437d2428afff4cdcc660f8) Importer(815301076,1909f56bfc062723c751e8b465ee728b)  -> (artifact id: '0a2ee93e314a0fcc88d0c6b1f1147df0') in 0.065415 seconds
Number of updated asset objects reloaded before import = 0
Number of asset objects unloaded after import = 9
========================================================================
Received Import Request.
  Time since last request: 66.963913 seconds.
  path: Assets/RuleTileset/00_zeroside.png
  artifactKey: Guid(0522b2df4219439408e93e9874ab280c) Importer(815301076,1909f56bfc062723c751e8b465ee728b)
Start importing Assets/RuleTileset/00_zeroside.png using Guid(0522b2df4219439408e93e9874ab280c) Importer(815301076,1909f56bfc062723c751e8b465ee728b)  -> (artifact id: 'bb9adf11bd0a95c646111530aeae16dc') in 0.033046 seconds
Number of updated asset objects reloaded before import = 0
Number of asset objects unloaded after import = 3
========================================================================
Received Import Request.
  Time since last request: 0.000021 seconds.
  path: Assets/RuleTileset/01_04_oneside_bottom.png
  artifactKey: Guid(4791684aa0695094db81a462008f700f) Importer(815301076,1909f56bfc062723c751e8b465ee728b)
Start importing Assets/RuleTileset/01_04_oneside_bottom.png using Guid(4791684aa0695094db81a462008f700f) Importer(815301076,1909f56bfc062723c751e8b465ee728b)  -> (artifact id: '988cf64419dc16b74bc2b11208b4c9df') in 0.011800 seconds
Number of updated asset objects reloaded before import = 0
Number of asset objects unloaded after import = 3
========================================================================
Received Import Request.
  Time since last request: 0.000021 seconds.
  path: Assets/RuleTileset/02_04_twoside_righttop.png
  artifactKey: Guid(4f2a4e1d1103e2b4186b571ec34015a3) Importer(815301076,1909f56bfc062723c751e8b465ee728b)
Start importing Assets/RuleTileset/02_04_twoside_righttop.png using Guid(4f2a4e1d1103e2b4186b571ec34015a3) Importer(815301076,1909f56bfc062723c751e8b465ee728b)  -> (artifact id: 'c51441b750f16ebcd40526a804b342d9') in 0.012452 seconds
Number of updated asset objects reloaded before import = 0
Number of asset objects unloaded after import = 3
========================================================================
Received Import Request.
  Time since last request: 0.000023 seconds.
  path: Assets/RuleTileset/02_02_twoside_topbottom.png
  artifactKey: Guid(5ee53e64b50cdc44aa734692cd78a3c3) Importer(815301076,1909f56bfc062723c751e8b465ee728b)
Start importing Assets/RuleTileset/02_02_twoside_topbottom.png using Guid(5ee53e64b50cdc44aa734692cd78a3c3) Importer(815301076,1909f56bfc062723c751e8b465ee728b)  -> (artifact id: '6aa2106755b856a868652e4830038a28') in 0.013953 seconds
Number of updated asset objects reloaded before import = 0
Number of asset objects unloaded after import = 3
========================================================================
Received Import Request.
  Time since last request: 0.000029 seconds.
  path: Assets/RuleTileset/02_03_twoside_lefttop.png
  artifactKey: Guid(c2e481bcf7a13434ca6cd145dd1ca3c2) Importer(815301076,1909f56bfc062723c751e8b465ee728b)
Start importing Assets/RuleTileset/02_03_twoside_lefttop.png using Guid(c2e481bcf7a13434ca6cd145dd1ca3c2) Importer(815301076,1909f56bfc062723c751e8b465ee728b)  -> (artifact id: 'de5710ec5e3e69f3ab40940eb8d6a9f0') in 0.014738 seconds
Number of updated asset objects reloaded before import = 0
Number of asset objects unloaded after import = 3
========================================================================
Received Import Request.
  Time since last request: 0.000021 seconds.
  path: Assets/RuleTileset/01_02_oneside_right.png
  artifactKey: Guid(161b548cab3a7d64d861aeaa303136c3) Importer(815301076,1909f56bfc062723c751e8b465ee728b)
Start importing Assets/RuleTileset/01_02_oneside_right.png using Guid(161b548cab3a7d64d861aeaa303136c3) Importer(815301076,1909f56bfc062723c751e8b465ee728b)  -> (artifact id: 'e884a78e35490c187957b06a485d24b5') in 0.013559 seconds
Number of updated asset objects reloaded before import = 0
Number of asset objects unloaded after import = 3
========================================================================
Received Import Request.
  Time since last request: 0.000017 seconds.
  path: Assets/RuleTileset/02_01_twoside_leftright.png
  artifactKey: Guid(997876d4cb77df249900aec05fd6518b) Importer(815301076,1909f56bfc062723c751e8b465ee728b)
Start importing Assets/RuleTileset/02_01_twoside_leftright.png using Guid(997876d4cb77df249900aec05fd6518b) Importer(815301076,1909f56bfc062723c751e8b465ee728b)  -> (artifact id: 'cd3e7e46ab9a2955cfb26d406306af5e') in 0.014090 seconds
Number of updated asset objects reloaded before import = 0
Number of asset objects unloaded after import = 3
========================================================================
Received Import Request.
  Time since last request: 0.000018 seconds.
  path: Assets/RuleTileset/02_06_twoside_rightbottom.png
  artifactKey: Guid(3ed4975db62440440a6ad053b9d4d3ff) Importer(815301076,1909f56bfc062723c751e8b465ee728b)
Start importing Assets/RuleTileset/02_06_twoside_rightbottom.png using Guid(3ed4975db62440440a6ad053b9d4d3ff) Importer(815301076,1909f56bfc062723c751e8b465ee728b)  -> (artifact id: '5cc877503d62d42b22ccb87021267955') in 0.013674 seconds
Number of updated asset objects reloaded before import = 0
Number of asset objects unloaded after import = 3
========================================================================
Received Import Request.
  Time since last request: 0.618259 seconds.
  path: Assets/RuleTileset/03_02_threeside_leftrightbottom.png
  artifactKey: Guid(7d74d0571b0900644a399bae10a8c8ea) Importer(815301076,1909f56bfc062723c751e8b465ee728b)
Start importing Assets/RuleTileset/03_02_threeside_leftrightbottom.png using Guid(7d74d0571b0900644a399bae10a8c8ea) Importer(815301076,1909f56bfc062723c751e8b465ee728b)  -> (artifact id: 'd5e4b1ac2e9824286fde8396ff4f807e') in 0.011687 seconds
Number of updated asset objects reloaded before import = 0
Number of asset objects unloaded after import = 3
========================================================================
Received Import Request.
  Time since last request: 0.042606 seconds.
  path: Assets/RuleTileset/03_04_threeside_righttopbottom.png
  artifactKey: Guid(de9aef1f441b3c84fbd5a28a745eb1a1) Importer(815301076,1909f56bfc062723c751e8b465ee728b)
Start importing Assets/RuleTileset/03_04_threeside_righttopbottom.png using Guid(de9aef1f441b3c84fbd5a28a745eb1a1) Importer(815301076,1909f56bfc062723c751e8b465ee728b)  -> (artifact id: '84ff5b4413f44f8e24b98b2e50cb6390') in 0.013534 seconds
Number of updated asset objects reloaded before import = 0
Number of asset objects unloaded after import = 3
========================================================================
Received Import Request.
  Time since last request: 0.256851 seconds.
  path: Packages/com.unity.2d.sprite/Editor/ObjectMenuCreation/DefaultAssets/Textures/9-Sliced.png
  artifactKey: Guid(71ebafeef3c03457483266a33ab2b270) Importer(815301076,1909f56bfc062723c751e8b465ee728b)
Start importing Packages/com.unity.2d.sprite/Editor/ObjectMenuCreation/DefaultAssets/Textures/9-Sliced.png using Guid(71ebafeef3c03457483266a33ab2b270) Importer(815301076,1909f56bfc062723c751e8b465ee728b)  -> (artifact id: 'e8e0856e7711cf2103c9ce901f9307e0') in 0.014212 seconds
Number of updated asset objects reloaded before import = 0
Number of asset objects unloaded after import = 3
========================================================================
Received Import Request.
  Time since last request: 0.000994 seconds.
  path: Packages/com.unity.2d.sprite/Editor/ObjectMenuCreation/DefaultAssets/Textures/v2/9Sliced.png
  artifactKey: Guid(8884154dfe85442a3a3578be807dbcdf) Importer(815301076,1909f56bfc062723c751e8b465ee728b)
Start importing Packages/com.unity.2d.sprite/Editor/ObjectMenuCreation/DefaultAssets/Textures/v2/9Sliced.png using Guid(8884154dfe85442a3a3578be807dbcdf) Importer(815301076,1909f56bfc062723c751e8b465ee728b)  -> (artifact id: '9ed298a7c31483c407980a95ab140109') in 0.013717 seconds
Number of updated asset objects reloaded before import = 0
Number of asset objects unloaded after import = 3
========================================================================
Received Import Request.
  Time since last request: 0.013182 seconds.
  path: Packages/com.unity.2d.animation/Editor/Assets/ComponentIcons/Animation.IKCCD On.png
  artifactKey: Guid(40ca859210cd04b62bbfe0e0d5696d3b) Importer(815301076,1909f56bfc062723c751e8b465ee728b)
Start importing Packages/com.unity.2d.animation/Editor/Assets/ComponentIcons/Animation.IKCCD On.png using Guid(40ca859210cd04b62bbfe0e0d5696d3b) Importer(815301076,1909f56bfc062723c751e8b465ee728b)  -> (artifact id: '287f4092a91dace8b2e09e5395cc3d2d') in 0.014557 seconds
Number of updated asset objects reloaded before import = 0
Number of asset objects unloaded after import = 3
========================================================================
Received Import Request.
  Time since last request: 0.012027 seconds.
  path: Packages/com.unity.2d.animation/Editor/Assets/ComponentIcons/Animation.IKCCD On@64.png
  artifactKey: Guid(cc7e65fd16d39483aa18d865a68e9451) Importer(815301076,1909f56bfc062723c751e8b465ee728b)
Start importing Packages/com.unity.2d.animation/Editor/Assets/ComponentIcons/Animation.IKCCD On@64.png using Guid(cc7e65fd16d39483aa18d865a68e9451) Importer(815301076,1909f56bfc062723c751e8b465ee728b)  -> (artifact id: '32aea62a696de32755c87b7a81dd2d35') in 0.011257 seconds
Number of updated asset objects reloaded before import = 0
Number of asset objects unloaded after import = 3
========================================================================
Received Import Request.
  Time since last request: 0.235033 seconds.
  path: Packages/com.unity.2d.animation/Editor/Assets/ComponentIcons/Animation.IKCCD On@256.png
  artifactKey: Guid(ba345f2f643d842459447c374943401d) Importer(815301076,1909f56bfc062723c751e8b465ee728b)
Start importing Packages/com.unity.2d.animation/Editor/Assets/ComponentIcons/Animation.IKCCD On@256.png using Guid(ba345f2f643d842459447c374943401d) Importer(815301076,1909f56bfc062723c751e8b465ee728b)  -> (artifact id: '03d2c52c2398c9b7c18bc798c902e402') in 0.016662 seconds
Number of updated asset objects reloaded before import = 0
Number of asset objects unloaded after import = 3
========================================================================
Received Import Request.
  Time since last request: 0.001619 seconds.
  path: Packages/com.unity.2d.animation/Editor/Assets/ComponentIcons/Animation.IKCCD@64.png
  artifactKey: Guid(84b96a9d1862c4a59afc0fff9875bfc4) Importer(815301076,1909f56bfc062723c751e8b465ee728b)
Start importing Packages/com.unity.2d.animation/Editor/Assets/ComponentIcons/Animation.IKCCD@64.png using Guid(84b96a9d1862c4a59afc0fff9875bfc4) Importer(815301076,1909f56bfc062723c751e8b465ee728b)  -> (artifact id: '1b83bb15369a9a4b8bcf6feb51bec9e5') in 0.012526 seconds
Number of updated asset objects reloaded before import = 0
Number of asset objects unloaded after import = 3
========================================================================
Received Import Request.
  Time since last request: 0.055017 seconds.
  path: Packages/com.unity.2d.animation/Editor/Assets/ComponentIcons/Animation.IKCCD@256.png
  artifactKey: Guid(1214a7ec362a4479ba225757639c24f2) Importer(815301076,1909f56bfc062723c751e8b465ee728b)
Start importing Packages/com.unity.2d.animation/Editor/Assets/ComponentIcons/Animation.IKCCD@256.png using Guid(1214a7ec362a4479ba225757639c24f2) Importer(815301076,1909f56bfc062723c751e8b465ee728b)  -> (artifact id: 'a4e5edd4835dcf386c5a42d9641c7d1e') in 0.015004 seconds
Number of updated asset objects reloaded before import = 0
Number of asset objects unloaded after import = 3
========================================================================
Received Import Request.
  Time since last request: 0.000021 seconds.
  path: Packages/com.unity.2d.animation/Editor/Assets/ComponentIcons/Animation.IKFabrik On.png
  artifactKey: Guid(9efb82d91ad0e4fdfbf6a09635f9d78d) Importer(815301076,1909f56bfc062723c751e8b465ee728b)
Start importing Packages/com.unity.2d.animation/Editor/Assets/ComponentIcons/Animation.IKFabrik On.png using Guid(9efb82d91ad0e4fdfbf6a09635f9d78d) Importer(815301076,1909f56bfc062723c751e8b465ee728b)  -> (artifact id: 'c43ce002fd10239b98112fa620e240ee') in 0.014105 seconds
Number of updated asset objects reloaded before import = 0
Number of asset objects unloaded after import = 3
========================================================================
Received Import Request.
  Time since last request: 0.202507 seconds.
  path: Packages/com.unity.2d.animation/Editor/Assets/ComponentIcons/Animation.IKFabrik On@64.png
  artifactKey: Guid(009774248359949e3b9317677c6678da) Importer(815301076,1909f56bfc062723c751e8b465ee728b)
Start importing Packages/com.unity.2d.animation/Editor/Assets/ComponentIcons/Animation.IKFabrik On@64.png using Guid(009774248359949e3b9317677c6678da) Importer(815301076,1909f56bfc062723c751e8b465ee728b)  -> (artifact id: '54a6b30159ccfc1e6ca1dfc87a26cf25') in 0.014025 seconds
Number of updated asset objects reloaded before import = 0
Number of asset objects unloaded after import = 3
========================================================================
Received Import Request.
  Time since last request: 0.000027 seconds.
  path: Packages/com.unity.2d.animation/Editor/Assets/ComponentIcons/Animation.IKFabrik@32.png
  artifactKey: Guid(d1c2be2a893c441fca30fe5d470e0d3e) Importer(815301076,1909f56bfc062723c751e8b465ee728b)
Start importing Packages/com.unity.2d.animation/Editor/Assets/ComponentIcons/Animation.IKFabrik@32.png using Guid(d1c2be2a893c441fca30fe5d470e0d3e) Importer(815301076,1909f56bfc062723c751e8b465ee728b)  -> (artifact id: '75f2f0a29328c4afd3bfbaa8182ce135') in 0.013656 seconds
Number of updated asset objects reloaded before import = 0
Number of asset objects unloaded after import = 3
========================================================================
Received Import Request.
  Time since last request: 0.006879 seconds.
  path: Packages/com.unity.2d.animation/Editor/Assets/ComponentIcons/Animation.IKFabrik@64.png
  artifactKey: Guid(934b23cc1699f467688d787b9d303561) Importer(815301076,1909f56bfc062723c751e8b465ee728b)
Start importing Packages/com.unity.2d.animation/Editor/Assets/ComponentIcons/Animation.IKFabrik@64.png using Guid(934b23cc1699f467688d787b9d303561) Importer(815301076,1909f56bfc062723c751e8b465ee728b)  -> (artifact id: '2e943412dddf3963dd40d3e03364c033') in 0.011824 seconds
Number of updated asset objects reloaded before import = 0
Number of asset objects unloaded after import = 3
========================================================================
Received Import Request.
  Time since last request: 0.010262 seconds.
  path: Packages/com.unity.2d.animation/Editor/Assets/ComponentIcons/Animation.IKFabrik@256.png
  artifactKey: Guid(8be64ad32582748f1965311ca0665f30) Importer(815301076,1909f56bfc062723c751e8b465ee728b)
Start importing Packages/com.unity.2d.animation/Editor/Assets/ComponentIcons/Animation.IKFabrik@256.png using Guid(8be64ad32582748f1965311ca0665f30) Importer(815301076,1909f56bfc062723c751e8b465ee728b)  -> (artifact id: '6c28ad5b24c47758b5edd8a5f8ee7dee') in 0.013061 seconds
Number of updated asset objects reloaded before import = 0
Number of asset objects unloaded after import = 3
========================================================================
Received Import Request.
  Time since last request: 0.000021 seconds.
  path: Packages/com.unity.2d.animation/Editor/Assets/ComponentIcons/Animation.IKLimb On.png
  artifactKey: Guid(4f5364a9fe7e04741862d2af49136835) Importer(815301076,1909f56bfc062723c751e8b465ee728b)
Start importing Packages/com.unity.2d.animation/Editor/Assets/ComponentIcons/Animation.IKLimb On.png using Guid(4f5364a9fe7e04741862d2af49136835) Importer(815301076,1909f56bfc062723c751e8b465ee728b)  -> (artifact id: '0050051d751584cdaed33a8ad4044749') in 0.011181 seconds
Number of updated asset objects reloaded before import = 0
Number of asset objects unloaded after import = 3
========================================================================
Received Import Request.
  Time since last request: 0.224893 seconds.
  path: Packages/com.unity.2d.animation/Editor/Assets/ComponentIcons/Animation.IKLimb On@64.png
  artifactKey: Guid(b88a78d35a73e4a33bf6788d22e3cb67) Importer(815301076,1909f56bfc062723c751e8b465ee728b)
Start importing Packages/com.unity.2d.animation/Editor/Assets/ComponentIcons/Animation.IKLimb On@64.png using Guid(b88a78d35a73e4a33bf6788d22e3cb67) Importer(815301076,1909f56bfc062723c751e8b465ee728b)  -> (artifact id: 'c4ed4ad8be5eefe8d7ed11346507fb30') in 0.013068 seconds
Number of updated asset objects reloaded before import = 0
Number of asset objects unloaded after import = 3
========================================================================
Received Import Request.
  Time since last request: 0.001202 seconds.
  path: Packages/com.unity.2d.animation/Editor/Assets/ComponentIcons/Animation.IKLimb On@256.png
  artifactKey: Guid(190c43ac8c7af48e2ae7663a44f1c7ec) Importer(815301076,1909f56bfc062723c751e8b465ee728b)
Start importing Packages/com.unity.2d.animation/Editor/Assets/ComponentIcons/Animation.IKLimb On@256.png using Guid(190c43ac8c7af48e2ae7663a44f1c7ec) Importer(815301076,1909f56bfc062723c751e8b465ee728b)  -> (artifact id: '6b0ab8648498bf67b04140836dd5f6da') in 0.015088 seconds
Number of updated asset objects reloaded before import = 0
Number of asset objects unloaded after import = 3
========================================================================
Received Import Request.
  Time since last request: 0.008142 seconds.
  path: Packages/com.unity.2d.animation/Editor/Assets/ComponentIcons/Animation.IKLimb@64.png
  artifactKey: Guid(0aa01ed159728414b863dd9c7aa7f596) Importer(815301076,1909f56bfc062723c751e8b465ee728b)
Start importing Packages/com.unity.2d.animation/Editor/Assets/ComponentIcons/Animation.IKLimb@64.png using Guid(0aa01ed159728414b863dd9c7aa7f596) Importer(815301076,1909f56bfc062723c751e8b465ee728b)  -> (artifact id: 'c8cfd670e8ae20ba805d03514eaa2500') in 0.013316 seconds
Number of updated asset objects reloaded before import = 0
Number of asset objects unloaded after import = 3
========================================================================
Received Import Request.
  Time since last request: 0.011425 seconds.
  path: Packages/com.unity.2d.animation/Editor/Assets/ComponentIcons/Animation.IKLimb@256.png
  artifactKey: Guid(4a3eebea80ac54fd3818f6a36c36168d) Importer(815301076,1909f56bfc062723c751e8b465ee728b)
Start importing Packages/com.unity.2d.animation/Editor/Assets/ComponentIcons/Animation.IKLimb@256.png using Guid(4a3eebea80ac54fd3818f6a36c36168d) Importer(815301076,1909f56bfc062723c751e8b465ee728b)  -> (artifact id: '71cfc9215e941e31bdefadaff04261f0') in 0.012459 seconds
Number of updated asset objects reloaded before import = 0
Number of asset objects unloaded after import = 3
========================================================================
Received Import Request.
  Time since last request: 0.000022 seconds.
  path: Packages/com.unity.2d.animation/Editor/Assets/ComponentIcons/Animation.IKManager On.png
  artifactKey: Guid(53c84f3dfe8b04b6db1fb80443fafbaf) Importer(815301076,1909f56bfc062723c751e8b465ee728b)
Start importing Packages/com.unity.2d.animation/Editor/Assets/ComponentIcons/Animation.IKManager On.png using Guid(53c84f3dfe8b04b6db1fb80443fafbaf) Importer(815301076,1909f56bfc062723c751e8b465ee728b)  -> (artifact id: '2efbb2d7a8f4c055a6d430cd9ea0df75') in 0.012097 seconds
Number of updated asset objects reloaded before import = 0
Number of asset objects unloaded after import = 3
========================================================================
Received Import Request.
  Time since last request: 26.470379 seconds.
  path: Assets/New Prefab.prefab
  artifactKey: Guid(2231fb427f8a0e8488f6b9b20714fdba) Importer(815301076,1909f56bfc062723c751e8b465ee728b)
Start importing Assets/New Prefab.prefab using Guid(2231fb427f8a0e8488f6b9b20714fdba) Importer(815301076,1909f56bfc062723c751e8b465ee728b)  -> (artifact id: '2c21b6d901d38e73fbad92365aafd220') in 0.002519 seconds
Number of updated asset objects reloaded before import = 0
Number of asset objects unloaded after import = 4
========================================================================
Received Import Request.
  Time since last request: 6.048165 seconds.
  path: Assets/New Prefab 1.prefab
  artifactKey: Guid(91b55f60889260b40b3f1e4e1620144d) Importer(815301076,1909f56bfc062723c751e8b465ee728b)
Start importing Assets/New Prefab 1.prefab using Guid(91b55f60889260b40b3f1e4e1620144d) Importer(815301076,1909f56bfc062723c751e8b465ee728b)  -> (artifact id: '3bd409ee69cda06e9903cb2bd55849b3') in 0.001970 seconds
Number of updated asset objects reloaded before import = 0
Number of asset objects unloaded after import = 4
========================================================================
Received Import Request.
  Time since last request: 58.220786 seconds.
  path: Packages/com.unity.2d.tilemap.extras/Editor/Unity.2D.Tilemap.Extras.Editor.asmdef
  artifactKey: Guid(cbdf09464b6b87745be748a67e5a21a0) Importer(815301076,1909f56bfc062723c751e8b465ee728b)
Start importing Packages/com.unity.2d.tilemap.extras/Editor/Unity.2D.Tilemap.Extras.Editor.asmdef using Guid(cbdf09464b6b87745be748a67e5a21a0) Importer(815301076,1909f56bfc062723c751e8b465ee728b)  -> (artifact id: '9916b6abaa282b5260510177540c1114') in 0.001015 seconds
Number of updated asset objects reloaded before import = 0
Number of asset objects unloaded after import = 0
========================================================================
Received Prepare
Begin MonoManager ReloadAssembly
- Loaded All Assemblies, in  1.191 seconds
Refreshing native plugins compatible for Editor in 36.19 ms, found 4 plugins.
Native extension for WindowsStandalone target not found
Native extension for Android target not found
[Package Manager] Server::EnsureServerProcessIsRunning -- launch failed, reason: Unity was launched with the -noUpm command-line argument
[Package Manager] UpmClient::Send -- Unable to send message (not connected to UPM process).
[Package Manager] Cannot connect to Unity Package Manager local server
Mono: successfully reloaded assembly
- Finished resetting the current domain, in  5.119 seconds
Domain Reload Profiling: 6293ms
	BeginReloadAssembly (295ms)
		ExecutionOrderSort (0ms)
		DisableScriptedObjects (18ms)
		BackupInstance (0ms)
		ReleaseScriptingObjects (0ms)
		CreateAndSetChildDomain (49ms)
	RebuildCommonClasses (48ms)
	RebuildNativeTypeToScriptingClass (16ms)
	initialDomainReloadingComplete (80ms)
	LoadAllAssembliesAndSetupDomain (734ms)
		LoadAssemblies (883ms)
		RebuildTransferFunctionScriptingTraits (0ms)
		AnalyzeDomain (33ms)
			TypeCache.Refresh (13ms)
				TypeCache.ScanAssembly (0ms)
			ScanForSourceGeneratedMonoScriptInfo (1ms)
			ResolveRequiredComponents (18ms)
	FinalizeReload (5120ms)
		ReleaseScriptCaches (0ms)
		RebuildScriptCaches (0ms)
		SetupLoadedEditorAssemblies (1544ms)
			LogAssemblyErrors (0ms)
			InitializePlatformSupportModulesInManaged (98ms)
			SetLoadedEditorAssemblies (10ms)
			RefreshPlugins (0ms)
			BeforeProcessingInitializeOnLoad (317ms)
			ProcessInitializeOnLoadAttributes (964ms)
			ProcessInitializeOnLoadMethodAttributes (102ms)
			AfterProcessingInitializeOnLoad (52ms)
			EditorAssembliesLoaded (0ms)
		ExecutionOrderSort2 (0ms)
		AwakeInstancesAfterBackupRestoration (77ms)
Refreshing native plugins compatible for Editor in 60.29 ms, found 4 plugins.
Preloading 0 native plugins for Editor in 0.00 ms.
Unloading 4028 Unused Serialized files (Serialized files now loaded: 0)
Unloading 42 unused Assets / (216.9 KB). Loaded Objects now: 4538.
Memory consumption went from 154.3 MB to 154.0 MB.
Total: 9.830000 ms (FindLiveObjects: 0.504200 ms CreateObjectMapping: 0.292400 ms MarkObjects: 8.630200 ms  DeleteObjects: 0.400100 ms)

Prepare: number of updated asset objects reloaded= 0
AssetImportParameters requested are different than current active one (requested -> active):
  custom:container-demuxer-ogg: 62fdf1f143b41e24485cea50d1cbac27 -> 
  custom:video-decoder-ogg-theora: a1e56fd34408186e4bbccfd4996cb3dc -> 
  custom:framework-win-MediaFoundation: 216162199b28c13a410421893ffa2e32 -> 
  custom:CustomObjectIndexerAttribute: 9a22284fe3817be447336de3de66b15e -> 
  custom:container-demuxer-webm: 4f35f7cbe854078d1ac9338744f61a02 -> 
  custom:container-muxer-webm: aa71ff27fc2769a1b78a27578f13a17b -> 
  custom:video-decoder-webm-vp8: 9c59270c3fd7afecdb556c50c9e8de78 -> 
  custom:SearchIndexIgnoredProperties: e643bd26f0fe6173181afceb89e7c659 -> 
  custom:AudioImporter_EditorPlatform: d09bf68614088b80899f8185d706f6e7 -> 
  custom:video-encoder-webm-vp8: eb34c28f22e8b96e1ab97ce403110664 -> 
  custom:audio-decoder-ogg-vorbis: bf7c407c2cedff20999df2af8eb42d56 -> 
  custom:audio-encoder-webm-vorbis: bf7c407c2cedff20999df2af8eb42d56 -> 
========================================================================
Received Import Request.
  Time since last request: 116.266978 seconds.
  path: Assets/AnimatedTile.asset
  artifactKey: Guid(520ad5ef7db51f640b95f41a7b385b4a) Importer(815301076,1909f56bfc062723c751e8b465ee728b)
Start importing Assets/AnimatedTile.asset using Guid(520ad5ef7db51f640b95f41a7b385b4a) Importer(815301076,1909f56bfc062723c751e8b465ee728b)  -> (artifact id: 'b38646df3e25203299fce66c68c45598') in 0.012189 seconds
Number of updated asset objects reloaded before import = 0
Number of asset objects unloaded after import = 1
========================================================================
Received Import Request.
  Time since last request: 43.951372 seconds.
  path: Assets/Platform.prefab
  artifactKey: Guid(c4b9fa1987aab5c4da03a4c1d9a2b11d) Importer(815301076,1909f56bfc062723c751e8b465ee728b)
Start importing Assets/Platform.prefab using Guid(c4b9fa1987aab5c4da03a4c1d9a2b11d) Importer(815301076,1909f56bfc062723c751e8b465ee728b)  -> (artifact id: 'eaedc7636398361c641f956316c1a0a2') in 0.073192 seconds
Number of updated asset objects reloaded before import = 0
Number of asset objects unloaded after import = 26
========================================================================
Received Import Request.
  Time since last request: 32.082093 seconds.
  path: Assets/Platform.prefab
  artifactKey: Guid(c4b9fa1987aab5c4da03a4c1d9a2b11d) Importer(815301076,1909f56bfc062723c751e8b465ee728b)
Start importing Assets/Platform.prefab using Guid(c4b9fa1987aab5c4da03a4c1d9a2b11d) Importer(815301076,1909f56bfc062723c751e8b465ee728b)  -> (artifact id: '5af552fba80e045ea0b866accdeafb96') in 0.029585 seconds
Number of updated asset objects reloaded before import = 0
Number of asset objects unloaded after import = 26
========================================================================
Received Import Request.
  Time since last request: 10.881596 seconds.
  path: Assets/Platform.prefab
  artifactKey: Guid(c4b9fa1987aab5c4da03a4c1d9a2b11d) Importer(815301076,1909f56bfc062723c751e8b465ee728b)
Start importing Assets/Platform.prefab using Guid(c4b9fa1987aab5c4da03a4c1d9a2b11d) Importer(815301076,1909f56bfc062723c751e8b465ee728b)  -> (artifact id: 'f33d88d50eef3200ca0bffafe00c0c20') in 0.034039 seconds
Number of updated asset objects reloaded before import = 0
Number of asset objects unloaded after import = 26
========================================================================
Received Import Request.
  Time since last request: 24.071832 seconds.
  path: Assets/Platform.prefab
  artifactKey: Guid(c4b9fa1987aab5c4da03a4c1d9a2b11d) Importer(815301076,1909f56bfc062723c751e8b465ee728b)
Start importing Assets/Platform.prefab using Guid(c4b9fa1987aab5c4da03a4c1d9a2b11d) Importer(815301076,1909f56bfc062723c751e8b465ee728b)  -> (artifact id: '4a4ae229248ca6a8a6fff579843532fb') in 0.030348 seconds
Number of updated asset objects reloaded before import = 0
Number of asset objects unloaded after import = 26
========================================================================
Received Import Request.
  Time since last request: 47.765309 seconds.
  path: Assets/Platform.prefab
  artifactKey: Guid(c4b9fa1987aab5c4da03a4c1d9a2b11d) Importer(815301076,1909f56bfc062723c751e8b465ee728b)
Start importing Assets/Platform.prefab using Guid(c4b9fa1987aab5c4da03a4c1d9a2b11d) Importer(815301076,1909f56bfc062723c751e8b465ee728b)  -> (artifact id: '05d2339f557923c0962d9ee05cde8c0d') in 0.020187 seconds
Number of updated asset objects reloaded before import = 0
Number of asset objects unloaded after import = 26
========================================================================
Received Import Request.
  Time since last request: 88.955829 seconds.
  path: Assets/Platform.prefab
  artifactKey: Guid(c4b9fa1987aab5c4da03a4c1d9a2b11d) Importer(815301076,1909f56bfc062723c751e8b465ee728b)
Start importing Assets/Platform.prefab using Guid(c4b9fa1987aab5c4da03a4c1d9a2b11d) Importer(815301076,1909f56bfc062723c751e8b465ee728b)  -> (artifact id: '635377c5133e83fd437f9d261143d426') in 0.023723 seconds
Number of updated asset objects reloaded before import = 0
Number of asset objects unloaded after import = 26
========================================================================
Received Import Request.
  Time since last request: 40.362187 seconds.
  path: Assets/New Prefab.prefab
  artifactKey: Guid(2231fb427f8a0e8488f6b9b20714fdba) Importer(815301076,1909f56bfc062723c751e8b465ee728b)
Start importing Assets/New Prefab.prefab using Guid(2231fb427f8a0e8488f6b9b20714fdba) Importer(815301076,1909f56bfc062723c751e8b465ee728b)  -> (artifact id: '039379e8971f6a39f8c0752aad1277ed') in 0.002902 seconds
Number of updated asset objects reloaded before import = 0
Number of asset objects unloaded after import = 4
========================================================================
Received Import Request.
  Time since last request: 1.713761 seconds.
  path: Assets/New Rule Tile.asset
  artifactKey: Guid(e77cc24497d8db749acd9364745fdc30) Importer(815301076,1909f56bfc062723c751e8b465ee728b)
Start importing Assets/New Rule Tile.asset using Guid(e77cc24497d8db749acd9364745fdc30) Importer(815301076,1909f56bfc062723c751e8b465ee728b)  -> (artifact id: 'c02470714ea934f9bc336087aa8a49e3') in 0.005726 seconds
Number of updated asset objects reloaded before import = 0
Number of asset objects unloaded after import = 1
========================================================================
Received Import Request.
  Time since last request: 143.378904 seconds.
  path: Assets/RuleTile.asset
  artifactKey: Guid(e77cc24497d8db749acd9364745fdc30) Importer(815301076,1909f56bfc062723c751e8b465ee728b)
Start importing Assets/RuleTile.asset using Guid(e77cc24497d8db749acd9364745fdc30) Importer(815301076,1909f56bfc062723c751e8b465ee728b)  -> (artifact id: 'd9e3d5e1a82c36dcfd81dba10c211a10') in 0.005098 seconds
Number of updated asset objects reloaded before import = 0
Number of asset objects unloaded after import = 3
========================================================================
Received Import Request.
  Time since last request: 53.436524 seconds.
  path: Assets/Platform.prefab
  artifactKey: Guid(c4b9fa1987aab5c4da03a4c1d9a2b11d) Importer(815301076,1909f56bfc062723c751e8b465ee728b)
Start importing Assets/Platform.prefab using Guid(c4b9fa1987aab5c4da03a4c1d9a2b11d) Importer(815301076,1909f56bfc062723c751e8b465ee728b)  -> (artifact id: 'c5c65de82fb0737bdeb1ff83c623fb3d') in 0.028744 seconds
Number of updated asset objects reloaded before import = 0
Number of asset objects unloaded after import = 31
========================================================================
Received Import Request.
  Time since last request: 10.848804 seconds.
  path: Assets/AnimatedTile.asset
  artifactKey: Guid(520ad5ef7db51f640b95f41a7b385b4a) Importer(815301076,1909f56bfc062723c751e8b465ee728b)
Start importing Assets/AnimatedTile.asset using Guid(520ad5ef7db51f640b95f41a7b385b4a) Importer(815301076,1909f56bfc062723c751e8b465ee728b)  -> (artifact id: '818948d20a36e9d5b4f254d96202a545') in 0.004964 seconds
Number of updated asset objects reloaded before import = 0
Number of asset objects unloaded after import = 5
